<?xml version="1.0" encoding="UTF-8"?>
<testsuite name="TestSuite" time="27.672" tests="5" errors="0" skipped="0" failures="0">
  <properties>
    <property name="java.runtime.name" value="Java(TM) SE Runtime Environment"/>
    <property name="java.vm.version" value="17.0.14+8-LTS-191"/>
    <property name="sun.boot.library.path" value="C:\Program Files\Java\jdk-17\bin"/>
    <property name="maven.multiModuleProjectDirectory" value="C:/Users/Vijay Varala/eclipse-workspace/Austin"/>
    <property name="java.vm.vendor" value="Oracle Corporation"/>
    <property name="java.vendor.url" value="https://java.oracle.com/"/>
    <property name="guice.disable.misplaced.annotation.check" value="true"/>
    <property name="path.separator" value=";"/>
    <property name="java.vm.name" value="Java HotSpot(TM) 64-Bit Server VM"/>
    <property name="sun.os.patch.level" value=""/>
    <property name="user.script" value=""/>
    <property name="user.country" value="IN"/>
    <property name="sun.java.launcher" value="SUN_STANDARD"/>
    <property name="java.vm.specification.name" value="Java Virtual Machine Specification"/>
    <property name="user.dir" value="C:\Users\Vijay Varala\eclipse-workspace\Austin"/>
    <property name="java.vm.compressedOopsMode" value="Zero based"/>
    <property name="java.runtime.version" value="17.0.14+8-LTS-191"/>
    <property name="os.arch" value="amd64"/>
    <property name="java.io.tmpdir" value="C:\Users\VIJAYV~1\AppData\Local\Temp\"/>
    <property name="line.separator" value="&#10;"/>
    <property name="java.vm.specification.vendor" value="Oracle Corporation"/>
    <property name="user.variant" value=""/>
    <property name="os.name" value="Windows 10"/>
    <property name="suiteXmlFile" value="testng.xml"/>
    <property name="classworlds.conf" value="C:/apache-maven-3.9.8-bin/apache-maven-3.9.8/bin/m2.conf"/>
    <property name="sun.jnu.encoding" value="Cp1252"/>
    <property name="java.library.path" value="C:\Program Files\Java\jdk-17\bin;C:\Windows\Sun\Java\bin;C:\Windows\system32;C:\Windows;C:\Users\Vijay Varala\bin;C:\Users\Vijay Varala\AppData\Local\Programs\Git\mingw64\bin;C:\Users\Vijay Varala\AppData\Local\Programs\Git\usr\local\bin;C:\Users\Vijay Varala\AppData\Local\Programs\Git\usr\bin;C:\Users\Vijay Varala\AppData\Local\Programs\Git\usr\bin;C:\Users\Vijay Varala\AppData\Local\Programs\Git\mingw64\bin;C:\Users\Vijay Varala\AppData\Local\Programs\Git\usr\bin;C:\Users\Vijay Varala\bin;C:\Program Files\Common Files\Oracle\Java\javapath;C:\Program Files (x86)\Common Files\Oracle\Java\java8path;C:\Program Files (x86)\Common Files\Oracle\Java\javapath;C:\Windows\system32;C:\Windows;C:\Windows\System32\Wbem;C:\Windows\System32\WindowsPowerShell\v1.0;C:\Windows\System32\OpenSSH;C:\apache-maven-3.9.8-bin\apache-maven-3.9.8\bin;C:\apache-maven-3.9.8-bin\bin;C:\Program Files\Java\jdk-21\bin;C:\Program Files\Java\jdk-21\lib;C:\Program Files\dotnet;C:\Program Files\Microsoft SQL Server\150\Tools\Binn;C:\Program Files\Microsoft SQL Server\Client SDK\ODBC\170\Tools\Binn;C:\Program Files\nodejs;C:\Program Files\PuTTY;C:\Users\Vijay Varala\AppData\Local\Microsoft\WindowsApps;C:\Users\Vijay Varala\AppData\Local\Programs\Microsoft VS Code\bin;C:\Users\Vijay Varala\AppData\Local\Programs\Git\cmd;C:\Users\Vijay Varala\AppData\Roaming\npm;C:\Users\Vijay Varala\AppData\Local\Programs\Git\usr\bin\vendor_perl;C:\Users\Vijay Varala\AppData\Local\Programs\Git\usr\bin\core_perl;."/>
    <property name="maven.conf" value="C:/apache-maven-3.9.8-bin/apache-maven-3.9.8/conf"/>
    <property name="jdk.debug" value="release"/>
    <property name="java.class.version" value="61.0"/>
    <property name="java.specification.name" value="Java Platform API Specification"/>
    <property name="sun.management.compiler" value="HotSpot 64-Bit Tiered Compilers"/>
    <property name="os.version" value="10.0"/>
    <property name="library.jansi.path" value="C:/apache-maven-3.9.8-bin/apache-maven-3.9.8/lib/jansi-native"/>
    <property name="user.home" value="C:\Users\Vijay Varala"/>
    <property name="user.timezone" value="Asia/Calcutta"/>
    <property name="file.encoding" value="Cp1252"/>
    <property name="java.specification.version" value="17"/>
    <property name="user.name" value="Vijay Varala"/>
    <property name="java.class.path" value="C:/apache-maven-3.9.8-bin/apache-maven-3.9.8/boot/plexus-classworlds-2.8.0.jar"/>
    <property name="java.vm.specification.version" value="17"/>
    <property name="sun.arch.data.model" value="64"/>
    <property name="sun.java.command" value="org.codehaus.plexus.classworlds.launcher.Launcher clean test -DsuiteXmlFile=testng.xml"/>
    <property name="java.home" value="C:\Program Files\Java\jdk-17"/>
    <property name="user.language" value="en"/>
    <property name="java.specification.vendor" value="Oracle Corporation"/>
    <property name="java.vm.info" value="mixed mode, sharing"/>
    <property name="java.version" value="17.0.14"/>
    <property name="native.encoding" value="Cp1252"/>
    <property name="java.vendor" value="Oracle Corporation"/>
    <property name="java.specification.maintenance.version" value="1"/>
    <property name="maven.home" value="C:\apache-maven-3.9.8-bin\apache-maven-3.9.8"/>
    <property name="file.separator" value="\"/>
    <property name="java.version.date" value="2025-01-21"/>
    <property name="java.vendor.url.bug" value="https://bugreport.java.com/bugreport/"/>
    <property name="sun.io.unicode.encoding" value="UnicodeLittle"/>
    <property name="sun.cpu.endian" value="little"/>
    <property name="sun.cpu.isalist" value="amd64"/>
  </properties>
  <testcase name="login" classname="austin.testCases.InvestigatorLogin" time="4.2"/>
  <testcase name="grcLogin" classname="austin.testCases.GrcLogin" time="4.143"/>
  <testcase name="adminLogin" classname="austin.testCases.AdminLogin" time="11.167"/>
  <testcase name="login" classname="austin.testCases.InitiatorLogin" time="4.096"/>
  <testcase name="researchLogin" classname="austin.testCases.ResearchLogin" time="4.066"/>
</testsuite>