<?xml version="1.0" encoding="UTF-8"?>
<!-- Generated by org.testng.reporters.JUnitReportReporter -->
<testsuite hostname="DESKTOP-2FNFCHB" failures="0" tests="1" name="austin.testCases.InitiatorLogin" time="4.090" errors="0" timestamp="2025-01-28T15:58:41 IST" skipped="0">
  <testcase classname="austin.testCases.InitiatorLogin" name="login" time="4.090"/>
  <system-out/>
</testsuite> <!-- austin.testCases.InitiatorLogin -->
