<?xml version="1.0" encoding="UTF-8"?>
<!-- Generated by org.testng.reporters.JUnitReportReporter -->
<testsuite hostname="DESKTOP-2FNFCHB" failures="0" tests="1" name="austin.testCases.AdminLogin" time="11.312" errors="0" timestamp="2025-02-05T13:02:57 IST" skipped="0">
  <testcase classname="austin.testCases.AdminLogin" name="adminLogin" time="11.312"/>
  <system-out/>
</testsuite> <!-- austin.testCases.AdminLogin -->
