<?xml version="1.0" encoding="UTF-8"?>
<!-- Generated by org.testng.reporters.JUnitReportReporter -->
<testsuite hostname="DESKTOP-2FNFCHB" failures="0" tests="1" name="austin.testCases.AdminLogin" time="11.217" errors="0" timestamp="2025-01-29T11:31:31 IST" skipped="0">
  <testcase classname="austin.testCases.AdminLogin" name="adminLogin" time="11.217"/>
  <system-out/>
</testsuite> <!-- austin.testCases.AdminLogin -->
