<?xml version="1.0" encoding="UTF-8"?>
<!-- Generated by org.testng.reporters.JUnitReportReporter -->
<testsuite hostname="DESKTOP-2FNFCHB" failures="0" tests="1" name="austin.testCases.GrcLogin" time="4.112" errors="0" timestamp="2025-01-29T11:25:29 IST" skipped="0">
  <testcase classname="austin.testCases.GrcLogin" name="grcLogin" time="4.112"/>
  <system-out/>
</testsuite> <!-- austin.testCases.GrcLogin -->
