<?xml version="1.0" encoding="UTF-8"?>
<!-- Generated by org.testng.reporters.JUnitReportReporter -->
<testsuite hostname="DESKTOP-2FNFCHB" failures="0" tests="1" name="austin.testCases.InvestigatorLogin" time="4.116" errors="0" timestamp="2025-01-28T17:08:32 IST" skipped="0">
  <testcase classname="austin.testCases.InvestigatorLogin" name="login" time="4.116"/>
  <system-out/>
</testsuite> <!-- austin.testCases.InvestigatorLogin -->
