<?xml version="1.0" encoding="UTF-8"?>
<!-- Generated by org.testng.reporters.JUnitReportReporter -->
<testsuite hostname="DESKTOP-2FNFCHB" failures="0" tests="1" name="austin.testCases.Demo" time="4.167" errors="0" timestamp="2025-01-28T15:35:05 IST" skipped="0">
  <testcase classname="austin.testCases.Demo" name="AddNewRequest" time="4.167"/>
  <system-out/>
</testsuite> <!-- austin.testCases.Demo -->
