<?xml version="1.0" encoding="UTF-8"?>
<!-- Generated by org.testng.reporters.JUnitReportReporter -->
<testsuite hostname="DESKTOP-2FNFCHB" failures="0" tests="1" name="austin.testCases.ResearchLogin" time="4.069" errors="0" timestamp="2025-02-03T18:36:27 IST" skipped="0">
  <testcase classname="austin.testCases.ResearchLogin" name="researchLogin" time="4.069"/>
</testsuite> <!-- austin.testCases.ResearchLogin -->
