<?xml version="1.0" encoding="UTF-8"?>
<!-- Generated by org.testng.reporters.JUnitReportReporter -->
<testsuite hostname="DESKTOP-2FNFCHB" failures="0" tests="1" name="austin.testCases.GrcLogin" time="4.144" errors="0" timestamp="2025-02-03T18:36:27 IST" skipped="0">
  <testcase classname="austin.testCases.GrcLogin" name="grcLogin" time="4.144"/>
</testsuite> <!-- austin.testCases.GrcLogin -->
